<?xml version="1.0" encoding="UTF-8" ?>
<testsuite errors="0" failures="0" hostname="mbp1107a.fit.fraunhofer.de" name="eu.linksmart.network.networkmanager.core.impl.NetworkManagerCoreImplTest" tests="18" time="0.475" timestamp="2012-11-27T10:45:45">
  <properties>
[...]
</properties>
  <testcase classname="eu.linksmart.network.networkmanager.core.impl.NetworkManagerCoreImplTest" name="testBroadcastMessage" time="0.264" />
  <testcase classname="eu.linksmart.network.networkmanager.core.impl.NetworkManagerCoreImplTest" name="testSendMessageSync" time="0.013" />
  <testcase classname="eu.linksmart.network.networkmanager.core.impl.NetworkManagerCoreImplTest" name="testSendMessageAsync" time="0.0020" />
  <testcase classname="eu.linksmart.network.networkmanager.core.impl.NetworkManagerCoreImplTest" name="testReceiveDataSync" time="0.0020" />
  <testcase classname="eu.linksmart.network.networkmanager.core.impl.NetworkManagerCoreImplTest" name="testReceiveDataSyncUnsuccessful" time="0.021" />
  <testcase classname="eu.linksmart.network.networkmanager.core.impl.NetworkManagerCoreImplTest" name="testReceiveDataSyncBroadcastUnsucessful" time="0.015" />
  <testcase classname="eu.linksmart.network.networkmanager.core.impl.NetworkManagerCoreImplTest" name="testReceiveDataSyncBroadcast" time="0.0030" />
  <testcase classname="eu.linksmart.network.networkmanager.core.impl.NetworkManagerCoreImplTest" name="testReceiveDataAsyncBroadcast" time="0.0020" />
  <testcase classname="eu.linksmart.network.networkmanager.core.impl.NetworkManagerCoreImplTest" name="testReceiveDataAsyncBroadcastEmtpyMessage" time="0.0010" />
  <testcase classname="eu.linksmart.network.networkmanager.core.impl.NetworkManagerCoreImplTest" name="testReceiveDataAsync" time="0.0010" />
  <testcase classname="eu.linksmart.network.networkmanager.core.impl.NetworkManagerCoreImplTest" name="testReceiveDataAsyncBroadcastUnsucessful" time="0.0010" />
  <testcase classname="eu.linksmart.network.networkmanager.core.impl.NetworkManagerCoreImplTest" name="testAddRemoteHID" time="0.0020" />
  <testcase classname="eu.linksmart.network.networkmanager.core.impl.NetworkManagerCoreImplTest" name="testGetHIDByDescription" time="0.0010" />
  <testcase classname="eu.linksmart.network.networkmanager.core.impl.NetworkManagerCoreImplTest" name="testGetHIDByPID" time="0.0010" />
  <testcase classname="eu.linksmart.network.networkmanager.core.impl.NetworkManagerCoreImplTest" name="testGetHIDByPIDWithExceptionSeveralHIDInfos" time="0.0010" />
  <testcase classname="eu.linksmart.network.networkmanager.core.impl.NetworkManagerCoreImplTest" name="testGetHIDByPIDWithExceptionNoPID" time="0.0020" />
  <testcase classname="eu.linksmart.network.networkmanager.core.impl.NetworkManagerCoreImplTest" name="testCreateHID" time="0.0010" />
  <testcase classname="eu.linksmart.network.networkmanager.core.impl.NetworkManagerCoreImplTest" name="testCreateHIDWithException" time="0.0010" />
  <system-out><![CDATA[]]></system-out>
  <system-err><![CDATA[log4j:WARN No appenders could be found for logger (eu.linksmart.network.networkmanager.core.impl.NetworkManagerCoreImpl).
log4j:WARN Please initialize the log4j system properly.
]]></system-err>
</testsuite>
